<?xml version="1.0" encoding="UTF-8"?>
<testsuite name="com.tavisca.ParserTest" tests="3" skipped="0" failures="0" errors="0" timestamp="2019-08-19T09:33:13" hostname="RENTLAPT0081" time="0.004">
  <properties/>
  <testcase name="wordToRomanParser" classname="com.tavisca.ParserTest" time="0.002"/>
  <testcase name="creditTokenParser" classname="com.tavisca.ParserTest" time="0.0"/>
  <testcase name="parseQueryStatements" classname="com.tavisca.ParserTest" time="0.001"/>
  <system-out><![CDATA[]]></system-out>
  <system-err><![CDATA[]]></system-err>
</testsuite>
