<?xml version="1.0" encoding="UTF-8"?>
<testsuite name="com.tavisca.ValidMapTest" tests="2" skipped="0" failures="0" errors="0" timestamp="2019-08-19T09:33:13" hostname="RENTLAPT0081" time="0.001">
  <properties/>
  <testcase name="storeMetalsCreditValue" classname="com.tavisca.ValidMapTest" time="0.001"/>
  <testcase name="validMapForGalacticWordOfRoman" classname="com.tavisca.ValidMapTest" time="0.0"/>
  <system-out><![CDATA[]]></system-out>
  <system-err><![CDATA[]]></system-err>
</testsuite>
