<?xml version="1.0" encoding="UTF-8"?>
<testsuite name="com.tavisca.answerToQueries" tests="1" skipped="0" failures="0" errors="0" timestamp="2019-08-19T09:33:13" hostname="RENTLAPT0081" time="0.013">
  <properties/>
  <testcase name="answerToQueries" classname="com.tavisca.answerToQueries" time="0.013"/>
  <system-out><![CDATA[]]></system-out>
  <system-err><![CDATA[]]></system-err>
</testsuite>
