<?xml version="1.0" encoding="UTF-8"?>
<testsuite name="com.tavisca.ValidMapTest" tests="1" skipped="0" failures="0" errors="0" timestamp="2019-08-14T05:07:57" hostname="RENTLAPT0081" time="0.011">
  <properties/>
  <testcase name="validMapForGalacticWordOfRoman" classname="com.tavisca.ValidMapTest" time="0.011"/>
  <system-out><![CDATA[]]></system-out>
  <system-err><![CDATA[]]></system-err>
</testsuite>
